mode: set
local.git/libs/bimawen.git/confirms.go:40.72,42.47 1 0
local.git/libs/bimawen.git/confirms.go:42.47,44.3 1 0
local.git/libs/bimawen.git/confirms.go:46.2,58.16 4 0
local.git/libs/bimawen.git/confirms.go:62.162,64.15 2 0
local.git/libs/bimawen.git/confirms.go:64.15,67.3 2 0
local.git/libs/bimawen.git/confirms.go:69.2,83.16 7 0
local.git/libs/bimawen.git/confirms.go:83.16,89.3 4 0
local.git/libs/bimawen.git/confirms.go:92.2,92.9 1 0
local.git/libs/bimawen.git/confirms.go:93.37,94.23 1 0
local.git/libs/bimawen.git/confirms.go:95.20,100.24 4 0
local.git/libs/bimawen.git/confirms.go:101.38,106.72 4 0
local.git/libs/bimawen.git/confirms.go:111.49,112.45 1 0
local.git/libs/bimawen.git/confirms.go:112.45,114.62 2 0
local.git/libs/bimawen.git/confirms.go:114.62,122.25 3 0
local.git/libs/bimawen.git/confirms.go:122.25,124.5 1 0
local.git/libs/bimawen.git/confirms.go:127.4,127.11 1 0
local.git/libs/bimawen.git/confirms.go:128.36,128.36 0 0
local.git/libs/bimawen.git/confirms.go:129.12,129.12 0 0
local.git/libs/bimawen.git/confirms.go:133.3,133.17 1 0
local.git/libs/bimawen.git/confirms.go:138.43,139.36 1 0
local.git/libs/bimawen.git/confirms.go:139.36,143.42 2 0
local.git/libs/bimawen.git/confirms.go:143.42,145.53 1 0
local.git/libs/bimawen.git/confirms.go:145.53,155.12 3 0
local.git/libs/bimawen.git/confirms.go:156.37,156.37 0 0
local.git/libs/bimawen.git/confirms.go:157.13,157.13 0 0
local.git/libs/bimawen.git/confirms.go:159.5,159.10 1 0
local.git/libs/bimawen.git/confirms.go:162.3,162.17 1 0
local.git/libs/bimawen.git/confirms.go:167.41,171.15 3 0
local.git/libs/bimawen.git/confirms.go:171.15,173.3 1 0
local.git/libs/bimawen.git/confirms.go:175.2,178.41 2 0
local.git/libs/bimawen.git/confirms.go:178.41,185.10 2 0
local.git/libs/bimawen.git/confirms.go:186.35,186.35 0 0
local.git/libs/bimawen.git/confirms.go:187.11,187.11 0 0
local.git/libs/bimawen.git/confirms.go:192.2,194.27 2 0
local.git/libs/bimawen.git/confirms.go:210.146,220.2 2 0
local.git/libs/bimawen.git/confirms.go:223.101,225.41 2 0
local.git/libs/bimawen.git/confirms.go:225.41,228.3 2 0
local.git/libs/bimawen.git/confirms.go:229.2,235.41 4 0
local.git/libs/bimawen.git/confirms.go:235.41,237.3 1 0
local.git/libs/bimawen.git/confirms.go:240.2,241.16 2 0
local.git/libs/bimawen.git/confirms.go:241.16,243.3 1 0
local.git/libs/bimawen.git/confirms.go:245.2,246.16 2 0
local.git/libs/bimawen.git/confirms.go:250.104,251.22 1 0
local.git/libs/bimawen.git/confirms.go:251.22,253.17 2 0
local.git/libs/bimawen.git/confirms.go:253.17,255.4 1 0
local.git/libs/bimawen.git/confirms.go:256.3,256.19 1 0
local.git/libs/bimawen.git/confirms.go:256.19,258.4 1 0
local.git/libs/bimawen.git/confirms.go:259.3,259.13 1 0
local.git/libs/bimawen.git/confirms.go:263.2,263.57 1 0
local.git/libs/bimawen.git/confirms.go:267.116,270.12 2 0
local.git/libs/bimawen.git/confirms.go:270.12,274.3 3 0
local.git/libs/bimawen.git/confirms.go:276.2,276.16 1 0
local.git/libs/bimawen.git/confirms.go:280.112,281.31 1 0
local.git/libs/bimawen.git/confirms.go:281.31,282.49 1 0
local.git/libs/bimawen.git/confirms.go:282.49,284.4 1 0
local.git/libs/bimawen.git/confirms.go:286.2,286.12 1 0
local.git/libs/bimawen.git/confirms.go:290.125,291.62 1 0
local.git/libs/bimawen.git/confirms.go:291.62,293.3 1 0
local.git/libs/bimawen.git/confirms.go:297.118,301.14 3 0
local.git/libs/bimawen.git/confirms.go:301.14,303.3 1 0
local.git/libs/bimawen.git/confirms.go:306.2,307.16 2 0
local.git/libs/bimawen.git/confirms.go:307.16,309.3 1 0
local.git/libs/bimawen.git/confirms.go:310.2,321.16 3 0
local.git/libs/bimawen.git/confirms.go:321.16,323.3 1 0
local.git/libs/bimawen.git/confirms.go:326.2,327.25 2 0
local.git/libs/bimawen.git/confirms.go:327.25,329.3 1 0
local.git/libs/bimawen.git/confirms.go:329.8,331.3 1 0
local.git/libs/bimawen.git/confirms.go:334.2,335.28 2 0
local.git/libs/bimawen.git/confirms.go:335.28,336.37 1 0
local.git/libs/bimawen.git/confirms.go:336.37,338.4 1 0
local.git/libs/bimawen.git/confirms.go:340.2,345.27 4 0
local.git/libs/bimawen.git/confirms.go:345.27,349.3 3 0
local.git/libs/bimawen.git/confirms.go:352.2,369.16 2 0
local.git/libs/bimawen.git/confirms.go:369.16,371.3 1 0
local.git/libs/bimawen.git/confirms.go:373.2,373.12 1 0
local.git/libs/bimawen.git/confirms.go:375.134,376.23 1 0
local.git/libs/bimawen.git/confirms.go:376.23,378.3 1 0
local.git/libs/bimawen.git/confirms.go:380.2,381.62 2 0
local.git/libs/bimawen.git/confirms.go:381.62,383.17 2 0
local.git/libs/bimawen.git/confirms.go:383.17,385.4 1 0
local.git/libs/bimawen.git/confirms.go:387.3,387.19 1 0
local.git/libs/bimawen.git/confirms.go:387.19,389.4 1 0
local.git/libs/bimawen.git/confirms.go:391.3,392.13 2 0
local.git/libs/bimawen.git/confirms.go:395.2,395.20 1 0
local.git/libs/bimawen.git/confirms.go:399.141,403.14 3 0
local.git/libs/bimawen.git/confirms.go:403.14,405.3 1 0
local.git/libs/bimawen.git/confirms.go:408.2,409.16 2 0
local.git/libs/bimawen.git/confirms.go:409.16,411.3 1 0
local.git/libs/bimawen.git/confirms.go:412.2,416.16 3 0
local.git/libs/bimawen.git/confirms.go:416.16,418.3 1 0
local.git/libs/bimawen.git/confirms.go:421.2,429.16 2 0
local.git/libs/bimawen.git/confirms.go:429.16,431.3 1 0
local.git/libs/bimawen.git/confirms.go:434.2,435.25 2 0
local.git/libs/bimawen.git/confirms.go:435.25,437.3 1 0
local.git/libs/bimawen.git/confirms.go:437.8,439.3 1 0
local.git/libs/bimawen.git/confirms.go:442.2,443.28 2 0
local.git/libs/bimawen.git/confirms.go:443.28,444.37 1 0
local.git/libs/bimawen.git/confirms.go:444.37,446.4 1 0
local.git/libs/bimawen.git/confirms.go:448.2,462.72 4 0
local.git/libs/bimawen.git/confirms.go:466.54,470.14 3 0
local.git/libs/bimawen.git/confirms.go:470.14,472.3 1 0
local.git/libs/bimawen.git/confirms.go:474.2,478.39 3 0
local.git/libs/bimawen.git/confirms.go:478.39,480.3 1 0
local.git/libs/bimawen.git/confirms.go:481.2,484.12 3 0
local.git/libs/bimawen.git/factory.go:31.45,32.15 1 1
local.git/libs/bimawen.git/factory.go:32.15,34.3 1 1
local.git/libs/bimawen.git/factory.go:36.2,37.16 2 1
local.git/libs/bimawen.git/factory.go:37.16,39.3 1 1
local.git/libs/bimawen.git/factory.go:41.2,46.35 2 1
local.git/libs/bimawen.git/factory.go:47.23,49.26 2 1
local.git/libs/bimawen.git/factory.go:49.26,51.4 1 1
local.git/libs/bimawen.git/factory.go:52.25,54.27 2 1
local.git/libs/bimawen.git/factory.go:54.27,56.4 1 1
local.git/libs/bimawen.git/factory.go:57.10,58.61 1 1
local.git/libs/bimawen.git/factory.go:62.2,63.21 2 1
local.git/libs/bimawen.git/factory.go:63.21,65.3 1 1
local.git/libs/bimawen.git/factory.go:67.2,68.16 2 1
local.git/libs/bimawen.git/factory.go:68.16,70.26 1 1
local.git/libs/bimawen.git/factory.go:71.23,72.27 1 1
local.git/libs/bimawen.git/factory.go:72.27,74.5 1 0
local.git/libs/bimawen.git/factory.go:74.10,76.5 1 1
local.git/libs/bimawen.git/factory.go:77.20,78.28 1 1
local.git/libs/bimawen.git/factory.go:78.28,80.5 1 0
local.git/libs/bimawen.git/factory.go:80.10,82.5 1 1
local.git/libs/bimawen.git/factory.go:84.8,86.17 2 1
local.git/libs/bimawen.git/factory.go:86.17,88.4 1 0
local.git/libs/bimawen.git/factory.go:92.2,92.19 1 1
local.git/libs/bimawen.git/factory.go:92.19,94.44 2 1
local.git/libs/bimawen.git/factory.go:94.44,96.4 1 1
local.git/libs/bimawen.git/factory.go:100.2,100.25 1 1
local.git/libs/bimawen.git/factory.go:101.22,104.23 2 1
local.git/libs/bimawen.git/factory.go:104.23,106.4 1 1
local.git/libs/bimawen.git/factory.go:106.9,108.4 1 1
local.git/libs/bimawen.git/factory.go:109.19,111.36 1 1
local.git/libs/bimawen.git/factory.go:111.36,113.19 2 1
local.git/libs/bimawen.git/factory.go:113.19,115.19 2 1
local.git/libs/bimawen.git/factory.go:115.19,117.6 1 0
local.git/libs/bimawen.git/factory.go:118.5,118.26 1 1
local.git/libs/bimawen.git/factory.go:118.26,120.6 1 1
local.git/libs/bimawen.git/factory.go:126.2,126.37 1 1
local.git/libs/bimawen.git/factory.go:126.37,127.22 1 1
local.git/libs/bimawen.git/factory.go:127.22,129.4 1 1
local.git/libs/bimawen.git/factory.go:132.2,132.18 1 1
local.git/libs/bimawen.git/factory.go:144.40,148.2 1 1
local.git/libs/bimawen.git/factory.go:151.80,153.2 1 1
local.git/libs/bimawen.git/factory.go:156.60,158.16 2 0
local.git/libs/bimawen.git/factory.go:158.16,160.3 1 0
local.git/libs/bimawen.git/factory.go:162.2,163.13 2 0
local.git/libs/bimawen.git/factory.go:163.13,165.3 1 0
local.git/libs/bimawen.git/factory.go:167.2,167.22 1 0
local.git/libs/bimawen.git/factory.go:174.74,176.16 2 0
local.git/libs/bimawen.git/factory.go:176.16,178.3 1 0
local.git/libs/bimawen.git/factory.go:181.2,182.37 2 0
local.git/libs/bimawen.git/factory.go:182.37,183.26 1 0
local.git/libs/bimawen.git/factory.go:183.26,185.4 1 0
local.git/libs/bimawen.git/factory.go:186.3,186.33 1 0
local.git/libs/bimawen.git/factory.go:186.33,188.4 1 0
local.git/libs/bimawen.git/factory.go:189.3,189.28 1 0
local.git/libs/bimawen.git/factory.go:189.28,191.4 1 0
local.git/libs/bimawen.git/factory.go:192.3,192.32 1 0
local.git/libs/bimawen.git/factory.go:192.32,194.4 1 0
local.git/libs/bimawen.git/factory.go:195.3,195.43 1 0
local.git/libs/bimawen.git/factory.go:195.43,197.4 1 0
local.git/libs/bimawen.git/factory.go:200.2,201.31 2 0
local.git/libs/bimawen.git/factory.go:201.31,203.3 1 0
local.git/libs/bimawen.git/factory.go:205.2,205.36 1 0
local.git/libs/bimawen.git/factory.go:209.74,211.16 2 0
local.git/libs/bimawen.git/factory.go:211.16,213.3 1 0
local.git/libs/bimawen.git/factory.go:216.2,217.37 2 0
local.git/libs/bimawen.git/factory.go:217.37,218.30 1 0
local.git/libs/bimawen.git/factory.go:218.30,220.4 1 0
local.git/libs/bimawen.git/factory.go:221.3,221.33 1 0
local.git/libs/bimawen.git/factory.go:221.33,223.4 1 0
local.git/libs/bimawen.git/factory.go:224.3,225.32 2 0
local.git/libs/bimawen.git/factory.go:225.32,227.4 1 0
local.git/libs/bimawen.git/factory.go:228.3,228.43 1 0
local.git/libs/bimawen.git/factory.go:228.43,230.4 1 0
local.git/libs/bimawen.git/factory.go:233.2,234.31 2 0
local.git/libs/bimawen.git/factory.go:234.31,236.3 1 0
local.git/libs/bimawen.git/factory.go:238.2,238.36 1 0
local.git/libs/bimawen.git/pool.go:48.58,56.2 1 0
local.git/libs/bimawen.git/pool.go:59.91,60.19 1 0
local.git/libs/bimawen.git/pool.go:60.19,62.3 1 0
local.git/libs/bimawen.git/pool.go:64.2,76.45 2 0
local.git/libs/bimawen.git/pool.go:76.45,78.17 2 0
local.git/libs/bimawen.git/pool.go:78.17,81.4 2 0
local.git/libs/bimawen.git/pool.go:82.3,82.52 1 0
local.git/libs/bimawen.git/pool.go:86.2,88.18 2 0
local.git/libs/bimawen.git/pool.go:92.72,97.47 3 0
local.git/libs/bimawen.git/pool.go:97.47,99.17 2 0
local.git/libs/bimawen.git/pool.go:99.17,101.4 1 0
local.git/libs/bimawen.git/pool.go:102.3,102.45 1 0
local.git/libs/bimawen.git/pool.go:103.8,105.3 1 0
local.git/libs/bimawen.git/pool.go:107.2,107.16 1 0
local.git/libs/bimawen.git/pool.go:107.16,109.3 1 0
local.git/libs/bimawen.git/pool.go:111.2,119.26 2 0
local.git/libs/bimawen.git/pool.go:119.26,121.17 2 0
local.git/libs/bimawen.git/pool.go:121.17,122.9 1 0
local.git/libs/bimawen.git/pool.go:124.3,125.28 2 0
local.git/libs/bimawen.git/pool.go:129.2,131.24 2 0
local.git/libs/bimawen.git/pool.go:135.73,137.21 2 0
local.git/libs/bimawen.git/pool.go:137.21,142.31 4 0
local.git/libs/bimawen.git/pool.go:142.31,144.4 1 0
local.git/libs/bimawen.git/pool.go:145.3,148.31 2 0
local.git/libs/bimawen.git/pool.go:153.73,157.14 3 0
local.git/libs/bimawen.git/pool.go:157.14,159.3 1 0
local.git/libs/bimawen.git/pool.go:162.2,162.37 1 0
local.git/libs/bimawen.git/pool.go:162.37,163.22 1 0
local.git/libs/bimawen.git/pool.go:163.22,169.61 4 0
local.git/libs/bimawen.git/pool.go:169.61,172.19 3 0
local.git/libs/bimawen.git/pool.go:172.19,173.11 1 0
local.git/libs/bimawen.git/pool.go:175.5,176.33 2 0
local.git/libs/bimawen.git/pool.go:176.33,178.6 1 0
local.git/libs/bimawen.git/pool.go:181.4,181.18 1 0
local.git/libs/bimawen.git/pool.go:181.18,183.5 1 0
local.git/libs/bimawen.git/pool.go:184.4,184.9 1 0
local.git/libs/bimawen.git/pool.go:190.62,194.14 3 0
local.git/libs/bimawen.git/pool.go:194.14,196.3 1 0
local.git/libs/bimawen.git/pool.go:199.2,199.37 1 0
local.git/libs/bimawen.git/pool.go:199.37,200.41 1 0
local.git/libs/bimawen.git/pool.go:200.41,202.4 1 0
local.git/libs/bimawen.git/pool.go:206.2,206.29 1 0
local.git/libs/bimawen.git/pool.go:210.68,214.37 3 0
local.git/libs/bimawen.git/pool.go:214.37,216.54 2 0
local.git/libs/bimawen.git/pool.go:216.54,219.4 2 0
local.git/libs/bimawen.git/pool.go:220.3,220.20 1 0
local.git/libs/bimawen.git/pool.go:223.2,223.21 1 0
local.git/libs/bimawen.git/pool.go:223.21,225.3 1 0
local.git/libs/bimawen.git/pool.go:227.2,227.33 1 0
local.git/libs/bimawen.git/pool.go:231.56,235.15 3 0
local.git/libs/bimawen.git/pool.go:235.15,237.3 1 0
local.git/libs/bimawen.git/pool.go:239.2,239.9 1 0
local.git/libs/bimawen.git/pool.go:240.27,242.12 2 0
local.git/libs/bimawen.git/pool.go:243.10,244.13 1 0
local.git/libs/bimawen.git/pool.go:249.68,253.52 3 0
local.git/libs/bimawen.git/pool.go:253.52,255.3 1 0
local.git/libs/bimawen.git/pool.go:257.2,258.16 2 0
local.git/libs/bimawen.git/pool.go:258.16,260.3 1 0
local.git/libs/bimawen.git/pool.go:262.2,264.16 3 0
local.git/libs/bimawen.git/pool.go:268.58,269.15 1 0
local.git/libs/bimawen.git/pool.go:269.15,271.3 1 0
local.git/libs/bimawen.git/pool.go:273.2,276.14 3 0
local.git/libs/bimawen.git/pool.go:276.14,279.3 2 0
local.git/libs/bimawen.git/pool.go:282.2,282.37 1 0
local.git/libs/bimawen.git/pool.go:282.37,283.29 1 0
local.git/libs/bimawen.git/pool.go:283.29,284.9 1 0
local.git/libs/bimawen.git/pool.go:290.66,294.15 3 0
local.git/libs/bimawen.git/pool.go:294.15,297.3 2 0
local.git/libs/bimawen.git/pool.go:299.2,299.9 1 0
local.git/libs/bimawen.git/pool.go:300.25,301.14 1 0
local.git/libs/bimawen.git/pool.go:302.10,306.14 3 0
local.git/libs/bimawen.git/pool.go:311.42,315.6 3 0
local.git/libs/bimawen.git/pool.go:315.6,316.10 1 0
local.git/libs/bimawen.git/pool.go:317.19,318.26 1 0
local.git/libs/bimawen.git/pool.go:321.3,322.15 2 0
local.git/libs/bimawen.git/pool.go:322.15,325.4 2 0
local.git/libs/bimawen.git/pool.go:326.3,326.17 1 0
local.git/libs/bimawen.git/pool.go:331.47,335.14 3 0
local.git/libs/bimawen.git/pool.go:335.14,337.3 1 0
local.git/libs/bimawen.git/pool.go:339.2,340.37 2 0
local.git/libs/bimawen.git/pool.go:340.37,342.19 2 0
local.git/libs/bimawen.git/pool.go:342.19,344.28 1 0
local.git/libs/bimawen.git/pool.go:344.28,346.5 1 0
local.git/libs/bimawen.git/pool.go:349.4,350.29 2 0
local.git/libs/bimawen.git/pool.go:350.29,352.54 1 0
local.git/libs/bimawen.git/pool.go:352.54,353.13 1 0
local.git/libs/bimawen.git/pool.go:354.33,356.26 2 0
local.git/libs/bimawen.git/pool.go:357.14,358.12 1 0
local.git/libs/bimawen.git/pool.go:363.3,363.19 1 0
local.git/libs/bimawen.git/pool.go:368.65,372.14 3 0
local.git/libs/bimawen.git/pool.go:372.14,374.3 1 0
local.git/libs/bimawen.git/pool.go:376.2,377.37 2 0
local.git/libs/bimawen.git/pool.go:377.37,379.44 2 0
local.git/libs/bimawen.git/pool.go:379.44,381.4 1 0
local.git/libs/bimawen.git/pool.go:382.3,382.20 1 0
local.git/libs/bimawen.git/pool.go:385.2,385.28 1 0
local.git/libs/bimawen.git/pool.go:385.28,387.3 1 0
local.git/libs/bimawen.git/pool.go:390.2,391.16 2 0
local.git/libs/bimawen.git/pool.go:391.16,393.3 1 0
local.git/libs/bimawen.git/pool.go:394.2,396.12 2 0
local.git/libs/bimawen.git/pool.go:400.40,404.14 3 0
local.git/libs/bimawen.git/pool.go:404.14,406.3 1 0
local.git/libs/bimawen.git/pool.go:408.2,411.37 2 0
local.git/libs/bimawen.git/pool.go:411.37,415.33 4 0
local.git/libs/bimawen.git/pool.go:415.33,417.4 1 0
local.git/libs/bimawen.git/pool.go:418.3,418.48 1 0
local.git/libs/bimawen.git/pool.go:418.48,420.4 1 0
local.git/libs/bimawen.git/pool.go:421.3,421.19 1 0
local.git/libs/bimawen.git/pool.go:424.2,425.12 2 0
local.git/libs/bimawen.git/pool.go:429.57,442.37 6 0
local.git/libs/bimawen.git/pool.go:442.37,452.44 3 0
local.git/libs/bimawen.git/pool.go:452.44,454.4 1 0
local.git/libs/bimawen.git/pool.go:455.3,458.20 3 0
local.git/libs/bimawen.git/pool.go:461.2,464.14 3 0
local.git/libs/bimawen.git/rabbitmq.go:23.64,26.48 2 0
local.git/libs/bimawen.git/rabbitmq.go:26.48,29.3 1 0
local.git/libs/bimawen.git/rabbitmq.go:29.8,32.3 1 0
local.git/libs/bimawen.git/rabbitmq.go:35.2,38.56 2 0
local.git/libs/bimawen.git/rabbitmq.go:38.56,39.59 1 0
local.git/libs/bimawen.git/rabbitmq.go:39.59,41.4 1 0
local.git/libs/bimawen.git/rabbitmq.go:43.2,43.51 1 0
local.git/libs/bimawen.git/rabbitmq.go:43.51,44.57 1 0
local.git/libs/bimawen.git/rabbitmq.go:44.57,46.4 1 0
local.git/libs/bimawen.git/rabbitmq.go:50.2,54.23 3 0
local.git/libs/bimawen.git/rabbitmq.go:54.23,56.3 1 0
local.git/libs/bimawen.git/rabbitmq.go:58.2,59.16 2 0
local.git/libs/bimawen.git/rabbitmq.go:59.16,61.3 1 0
local.git/libs/bimawen.git/rabbitmq.go:63.2,68.20 2 0
local.git/libs/bimawen.git/rabbitmq.go:72.82,76.14 3 0
local.git/libs/bimawen.git/rabbitmq.go:76.14,78.3 1 0
local.git/libs/bimawen.git/rabbitmq.go:81.2,81.28 1 0
local.git/libs/bimawen.git/rabbitmq.go:81.28,83.3 1 0
local.git/libs/bimawen.git/rabbitmq.go:85.2,85.45 1 0
local.git/libs/bimawen.git/rabbitmq.go:89.82,93.14 3 0
local.git/libs/bimawen.git/rabbitmq.go:93.14,95.3 1 0
local.git/libs/bimawen.git/rabbitmq.go:97.2,97.45 1 0
local.git/libs/bimawen.git/rabbitmq.go:101.65,105.14 3 0
local.git/libs/bimawen.git/rabbitmq.go:105.14,107.3 1 0
local.git/libs/bimawen.git/rabbitmq.go:109.2,109.32 1 0
local.git/libs/bimawen.git/rabbitmq.go:113.40,117.14 3 0
local.git/libs/bimawen.git/rabbitmq.go:117.14,119.3 1 0
local.git/libs/bimawen.git/rabbitmq.go:121.2,122.19 2 0
local.git/libs/bimawen.git/rabbitmq.go:122.19,124.3 1 0
local.git/libs/bimawen.git/rabbitmq.go:125.2,125.12 1 0
local.git/libs/bimawen.git/rabbitmq.go:138.101,146.2 2 0
local.git/libs/bimawen.git/rabbitmq.go:149.92,150.62 1 0
local.git/libs/bimawen.git/rabbitmq.go:150.62,152.3 1 0
local.git/libs/bimawen.git/rabbitmq.go:156.104,159.12 2 0
local.git/libs/bimawen.git/rabbitmq.go:159.12,163.3 3 0
local.git/libs/bimawen.git/rabbitmq.go:165.2,165.16 1 0
local.git/libs/bimawen.git/rabbitmq.go:169.100,170.62 1 0
local.git/libs/bimawen.git/rabbitmq.go:170.62,171.32 1 0
local.git/libs/bimawen.git/rabbitmq.go:171.32,172.57 1 0
local.git/libs/bimawen.git/rabbitmq.go:172.57,174.5 1 0
local.git/libs/bimawen.git/rabbitmq.go:176.3,176.13 1 0
local.git/libs/bimawen.git/rabbitmq.go:181.99,185.14 3 0
local.git/libs/bimawen.git/rabbitmq.go:185.14,187.3 1 0
local.git/libs/bimawen.git/rabbitmq.go:190.2,191.16 2 0
local.git/libs/bimawen.git/rabbitmq.go:191.16,193.3 1 0
local.git/libs/bimawen.git/rabbitmq.go:194.2,199.25 3 0
local.git/libs/bimawen.git/rabbitmq.go:199.25,201.3 1 0
local.git/libs/bimawen.git/rabbitmq.go:201.8,203.3 1 0
local.git/libs/bimawen.git/rabbitmq.go:206.2,214.16 2 0
local.git/libs/bimawen.git/rabbitmq.go:214.16,216.3 1 0
local.git/libs/bimawen.git/rabbitmq.go:219.2,220.28 2 0
local.git/libs/bimawen.git/rabbitmq.go:220.28,221.37 1 0
local.git/libs/bimawen.git/rabbitmq.go:221.37,223.4 1 0
local.git/libs/bimawen.git/rabbitmq.go:225.2,230.27 4 0
local.git/libs/bimawen.git/rabbitmq.go:230.27,234.3 3 0
local.git/libs/bimawen.git/rabbitmq.go:237.2,254.16 2 0
local.git/libs/bimawen.git/rabbitmq.go:254.16,256.3 1 0
local.git/libs/bimawen.git/rabbitmq.go:258.2,258.12 1 0
local.git/libs/bimawen.git/rabbitmq.go:262.42,268.2 4 0
local.git/libs/bimawen.git/rabbitmq.go:280.101,288.2 2 0
local.git/libs/bimawen.git/rabbitmq.go:291.101,293.2 1 0
local.git/libs/bimawen.git/rabbitmq.go:296.134,300.14 3 0
local.git/libs/bimawen.git/rabbitmq.go:300.14,302.3 1 0
local.git/libs/bimawen.git/rabbitmq.go:305.2,306.16 2 0
local.git/libs/bimawen.git/rabbitmq.go:306.16,308.3 1 0
local.git/libs/bimawen.git/rabbitmq.go:309.2,317.16 3 0
local.git/libs/bimawen.git/rabbitmq.go:317.16,319.3 1 0
local.git/libs/bimawen.git/rabbitmq.go:322.2,330.16 2 0
local.git/libs/bimawen.git/rabbitmq.go:330.16,332.3 1 0
local.git/libs/bimawen.git/rabbitmq.go:335.2,344.16 2 0
local.git/libs/bimawen.git/rabbitmq.go:344.16,346.3 1 0
local.git/libs/bimawen.git/rabbitmq.go:349.2,351.12 2 0
local.git/libs/bimawen.git/rabbitmq.go:351.12,352.30 1 0
local.git/libs/bimawen.git/rabbitmq.go:352.30,353.11 1 0
local.git/libs/bimawen.git/rabbitmq.go:354.22,355.11 1 0
local.git/libs/bimawen.git/rabbitmq.go:356.33,356.33 0 0
local.git/libs/bimawen.git/rabbitmq.go:359.4,359.29 1 0
local.git/libs/bimawen.git/rabbitmq.go:359.29,360.18 1 0
local.git/libs/bimawen.git/rabbitmq.go:360.18,360.33 1 0
local.git/libs/bimawen.git/rabbitmq.go:363.5,374.33 2 0
local.git/libs/bimawen.git/rabbitmq.go:374.33,376.6 1 0
local.git/libs/bimawen.git/rabbitmq.go:379.5,379.65 1 0
local.git/libs/bimawen.git/rabbitmq.go:379.65,381.6 1 0
local.git/libs/bimawen.git/rabbitmq.go:384.5,384.19 1 0
local.git/libs/bimawen.git/rabbitmq.go:384.19,386.31 1 0
local.git/libs/bimawen.git/rabbitmq.go:386.31,388.7 1 0
local.git/libs/bimawen.git/rabbitmq.go:388.12,390.7 1 0
local.git/libs/bimawen.git/rabbitmq.go:391.11,392.28 1 0
local.git/libs/bimawen.git/rabbitmq.go:392.28,394.7 1 0
local.git/libs/bimawen.git/rabbitmq.go:401.2,402.18 2 0
local.git/libs/bimawen.git/rabbitmq.go:406.42,412.2 4 0
local.git/libs/bimawen.git/rabbitmq.go:415.38,417.2 1 0
local.git/libs/bimawen.git/rabbitmq.go:420.50,421.49 1 1
local.git/libs/bimawen.git/rabbitmq.go:421.49,423.3 1 1
local.git/libs/bimawen.git/rabbitmq.go:424.2,424.12 1 1
local.git/libs/bimawen.git/rabbitmq.go:428.42,429.14 1 0
local.git/libs/bimawen.git/rabbitmq.go:429.14,431.3 1 0
local.git/libs/bimawen.git/rabbitmq.go:432.2,432.55 1 0
local.git/libs/bimawen.git/rabbitmq.go:436.13,437.84 1 1
local.git/libs/bimawen.git/rabbitmq.go:437.84,439.3 1 0
local.git/libs/bimawen.git/redis.go:22.58,32.48 2 0
local.git/libs/bimawen.git/redis.go:32.48,33.56 1 0
local.git/libs/bimawen.git/redis.go:33.56,37.4 3 0
local.git/libs/bimawen.git/redis.go:40.2,40.51 1 0
local.git/libs/bimawen.git/redis.go:40.51,41.66 1 0
local.git/libs/bimawen.git/redis.go:41.66,43.4 1 0
local.git/libs/bimawen.git/redis.go:46.2,46.60 1 0
local.git/libs/bimawen.git/redis.go:46.60,47.73 1 0
local.git/libs/bimawen.git/redis.go:47.73,49.4 1 0
local.git/libs/bimawen.git/redis.go:53.2,64.47 5 0
local.git/libs/bimawen.git/redis.go:64.47,67.3 2 0
local.git/libs/bimawen.git/redis.go:69.2,69.20 1 0
local.git/libs/bimawen.git/redis.go:73.79,77.14 3 0
local.git/libs/bimawen.git/redis.go:77.14,79.3 1 0
local.git/libs/bimawen.git/redis.go:81.2,81.44 1 0
local.git/libs/bimawen.git/redis.go:85.79,89.14 3 0
local.git/libs/bimawen.git/redis.go:89.14,91.3 1 0
local.git/libs/bimawen.git/redis.go:93.2,93.44 1 0
local.git/libs/bimawen.git/redis.go:97.62,101.14 3 0
local.git/libs/bimawen.git/redis.go:101.14,103.3 1 0
local.git/libs/bimawen.git/redis.go:105.2,105.33 1 0
local.git/libs/bimawen.git/redis.go:109.37,113.14 3 0
local.git/libs/bimawen.git/redis.go:113.14,115.3 1 0
local.git/libs/bimawen.git/redis.go:117.2,118.21 2 0
local.git/libs/bimawen.git/redis.go:118.21,120.3 1 0
local.git/libs/bimawen.git/redis.go:121.2,121.12 1 0
local.git/libs/bimawen.git/redis.go:134.95,142.2 2 0
local.git/libs/bimawen.git/redis.go:145.89,146.62 1 0
local.git/libs/bimawen.git/redis.go:146.62,148.3 1 0
local.git/libs/bimawen.git/redis.go:152.101,155.12 2 0
local.git/libs/bimawen.git/redis.go:155.12,159.3 3 0
local.git/libs/bimawen.git/redis.go:161.2,161.16 1 0
local.git/libs/bimawen.git/redis.go:165.97,166.62 1 0
local.git/libs/bimawen.git/redis.go:166.62,169.32 2 0
local.git/libs/bimawen.git/redis.go:169.32,172.18 2 0
local.git/libs/bimawen.git/redis.go:172.18,174.5 1 0
local.git/libs/bimawen.git/redis.go:177.4,180.19 2 0
local.git/libs/bimawen.git/redis.go:180.19,182.5 1 0
local.git/libs/bimawen.git/redis.go:186.3,187.17 2 0
local.git/libs/bimawen.git/redis.go:187.17,189.4 1 0
local.git/libs/bimawen.git/redis.go:191.3,191.13 1 0
local.git/libs/bimawen.git/redis.go:196.96,200.14 3 0
local.git/libs/bimawen.git/redis.go:200.14,202.3 1 0
local.git/libs/bimawen.git/redis.go:205.2,206.16 2 0
local.git/libs/bimawen.git/redis.go:206.16,208.3 1 0
local.git/libs/bimawen.git/redis.go:211.2,212.27 2 0
local.git/libs/bimawen.git/redis.go:212.27,216.3 3 0
local.git/libs/bimawen.git/redis.go:219.2,219.23 1 0
local.git/libs/bimawen.git/redis.go:219.23,228.3 3 0
local.git/libs/bimawen.git/redis.go:228.8,231.3 1 0
local.git/libs/bimawen.git/redis.go:233.2,233.16 1 0
local.git/libs/bimawen.git/redis.go:233.16,235.3 1 0
local.git/libs/bimawen.git/redis.go:238.2,238.21 1 0
local.git/libs/bimawen.git/redis.go:238.21,240.3 1 0
local.git/libs/bimawen.git/redis.go:242.2,242.12 1 0
local.git/libs/bimawen.git/redis.go:246.76,258.16 3 0
local.git/libs/bimawen.git/redis.go:258.16,260.3 1 0
local.git/libs/bimawen.git/redis.go:262.2,262.26 1 0
local.git/libs/bimawen.git/redis.go:266.39,272.2 4 0
local.git/libs/bimawen.git/redis.go:284.95,292.2 2 0
local.git/libs/bimawen.git/redis.go:295.98,297.2 1 0
local.git/libs/bimawen.git/redis.go:300.131,304.14 3 0
local.git/libs/bimawen.git/redis.go:304.14,306.3 1 0
local.git/libs/bimawen.git/redis.go:309.2,313.45 3 0
local.git/libs/bimawen.git/redis.go:313.45,315.13 2 0
local.git/libs/bimawen.git/redis.go:315.13,318.4 2 0
local.git/libs/bimawen.git/redis.go:322.2,322.12 1 0
local.git/libs/bimawen.git/redis.go:322.12,325.3 2 0
local.git/libs/bimawen.git/redis.go:328.2,331.18 3 0
local.git/libs/bimawen.git/redis.go:335.122,337.41 2 0
local.git/libs/bimawen.git/redis.go:337.41,339.3 1 0
local.git/libs/bimawen.git/redis.go:341.2,343.6 2 0
local.git/libs/bimawen.git/redis.go:343.6,344.10 1 0
local.git/libs/bimawen.git/redis.go:345.21,346.10 1 0
local.git/libs/bimawen.git/redis.go:347.11,347.11 0 0
local.git/libs/bimawen.git/redis.go:351.3,351.53 1 0
local.git/libs/bimawen.git/redis.go:351.53,353.4 1 0
local.git/libs/bimawen.git/redis.go:356.3,360.17 3 0
local.git/libs/bimawen.git/redis.go:360.17,361.24 1 0
local.git/libs/bimawen.git/redis.go:361.24,362.13 1 0
local.git/libs/bimawen.git/redis.go:364.4,364.66 1 0
local.git/libs/bimawen.git/redis.go:364.66,366.5 1 0
local.git/libs/bimawen.git/redis.go:368.4,368.12 1 0
local.git/libs/bimawen.git/redis.go:371.3,371.23 1 0
local.git/libs/bimawen.git/redis.go:371.23,372.11 1 0
local.git/libs/bimawen.git/redis.go:373.33,374.19 1 0
local.git/libs/bimawen.git/redis.go:375.22,376.11 1 0
local.git/libs/bimawen.git/redis.go:383.83,394.36 4 0
local.git/libs/bimawen.git/redis.go:394.36,396.3 1 0
local.git/libs/bimawen.git/redis.go:399.2,400.27 2 0
local.git/libs/bimawen.git/redis.go:400.27,403.3 2 0
local.git/libs/bimawen.git/redis.go:404.2,404.16 1 0
local.git/libs/bimawen.git/redis.go:408.117,409.6 1 0
local.git/libs/bimawen.git/redis.go:409.6,410.10 1 0
local.git/libs/bimawen.git/redis.go:411.21,412.10 1 0
local.git/libs/bimawen.git/redis.go:413.36,414.11 1 0
local.git/libs/bimawen.git/redis.go:414.11,416.5 1 0
local.git/libs/bimawen.git/redis.go:419.4,420.18 2 0
local.git/libs/bimawen.git/redis.go:420.18,422.13 1 0
local.git/libs/bimawen.git/redis.go:425.4,428.63 2 0
local.git/libs/bimawen.git/redis.go:428.63,430.5 1 0
local.git/libs/bimawen.git/redis.go:434.4,434.18 1 0
local.git/libs/bimawen.git/redis.go:434.19,437.5 0 0
local.git/libs/bimawen.git/redis.go:443.75,447.16 3 0
local.git/libs/bimawen.git/redis.go:447.16,449.3 1 0
local.git/libs/bimawen.git/redis.go:451.2,456.42 2 0
local.git/libs/bimawen.git/redis.go:456.42,458.3 1 0
local.git/libs/bimawen.git/redis.go:460.2,460.46 1 0
local.git/libs/bimawen.git/redis.go:460.46,462.3 1 0
local.git/libs/bimawen.git/redis.go:464.2,464.68 1 0
local.git/libs/bimawen.git/redis.go:464.68,466.3 1 0
local.git/libs/bimawen.git/redis.go:468.2,468.57 1 0
local.git/libs/bimawen.git/redis.go:468.57,470.3 1 0
local.git/libs/bimawen.git/redis.go:472.2,472.66 1 0
local.git/libs/bimawen.git/redis.go:472.66,474.3 1 0
local.git/libs/bimawen.git/redis.go:476.2,476.55 1 0
local.git/libs/bimawen.git/redis.go:476.55,478.3 1 0
local.git/libs/bimawen.git/redis.go:480.2,480.21 1 0
local.git/libs/bimawen.git/redis.go:484.39,490.2 4 0
local.git/libs/bimawen.git/redis.go:493.13,494.81 1 1
local.git/libs/bimawen.git/redis.go:494.81,496.3 1 0
local.git/libs/bimawen.git/retry.go:18.41,20.2 1 1
local.git/libs/bimawen.git/retry.go:23.41,25.2 1 0
local.git/libs/bimawen.git/retry.go:28.45,30.2 1 1
local.git/libs/bimawen.git/retry.go:33.51,35.2 1 1
local.git/libs/bimawen.git/retry.go:38.54,40.2 1 1
local.git/libs/bimawen.git/retry.go:52.47,53.19 1 1
local.git/libs/bimawen.git/retry.go:53.19,55.3 1 0
local.git/libs/bimawen.git/retry.go:57.2,60.3 1 1
local.git/libs/bimawen.git/retry.go:64.66,67.62 2 1
local.git/libs/bimawen.git/retry.go:67.62,69.10 1 1
local.git/libs/bimawen.git/retry.go:70.21,71.20 1 0
local.git/libs/bimawen.git/retry.go:72.11,72.11 0 1
local.git/libs/bimawen.git/retry.go:76.3,77.17 2 1
local.git/libs/bimawen.git/retry.go:77.17,79.4 1 1
local.git/libs/bimawen.git/retry.go:81.3,84.83 2 1
local.git/libs/bimawen.git/retry.go:84.83,86.4 1 1
local.git/libs/bimawen.git/retry.go:89.3,89.37 1 1
local.git/libs/bimawen.git/retry.go:89.37,90.9 1 0
local.git/libs/bimawen.git/retry.go:94.3,98.10 3 1
local.git/libs/bimawen.git/retry.go:99.21,101.20 2 1
local.git/libs/bimawen.git/retry.go:102.18,102.18 0 1
local.git/libs/bimawen.git/retry.go:107.2,107.94 1 0
local.git/libs/bimawen.git/retry.go:111.63,116.45 2 1
local.git/libs/bimawen.git/retry.go:116.45,118.3 1 0
local.git/libs/bimawen.git/retry.go:121.2,121.38 1 1
local.git/libs/bimawen.git/retry.go:121.38,123.26 2 1
local.git/libs/bimawen.git/retry.go:123.26,125.4 1 1
local.git/libs/bimawen.git/retry.go:125.9,127.4 1 0
local.git/libs/bimawen.git/retry.go:131.2,131.17 1 1
local.git/libs/bimawen.git/retry.go:131.17,133.3 1 0
local.git/libs/bimawen.git/retry.go:135.2,135.31 1 1
local.git/libs/bimawen.git/retry.go:139.84,142.2 2 0
local.git/libs/bimawen.git/retry.go:145.59,147.2 1 0
local.git/libs/bimawen.git/retry.go:150.39,151.51 1 1
local.git/libs/bimawen.git/retry.go:151.51,153.3 1 1
local.git/libs/bimawen.git/retry.go:155.2,155.13 1 0
local.git/libs/bimawen.git/retry.go:159.42,160.16 1 1
local.git/libs/bimawen.git/retry.go:160.16,162.3 1 0
local.git/libs/bimawen.git/retry.go:165.2,165.9 1 1
local.git/libs/bimawen.git/retry.go:166.27,167.35 1 1
local.git/libs/bimawen.git/retry.go:168.34,169.35 1 1
local.git/libs/bimawen.git/retry.go:170.30,171.35 1 1
local.git/libs/bimawen.git/retry.go:172.10,173.32 1 1
local.git/libs/bimawen.git/retry.go:178.37,180.2 1 1
local.git/libs/bimawen.git/retry.go:183.44,190.2 2 1
local.git/libs/bimawen.git/retry.go:193.40,198.2 2 1
local.git/libs/bimawen.git/retry.go:201.40,205.20 1 1
local.git/libs/bimawen.git/retry.go:205.20,206.55 1 1
local.git/libs/bimawen.git/retry.go:206.55,207.50 1 1
local.git/libs/bimawen.git/retry.go:207.50,209.17 1 1
local.git/libs/bimawen.git/retry.go:211.12,211.24 1 1
local.git/libs/bimawen.git/serializer.go:12.42,14.2 1 1
local.git/libs/bimawen.git/serializer.go:17.70,19.2 1 1
local.git/libs/bimawen.git/serializer.go:22.72,24.2 1 1
local.git/libs/bimawen.git/serializer.go:27.47,29.2 1 1
local.git/libs/bimawen.git/serializer.go:37.50,47.2 4 1
local.git/libs/bimawen.git/serializer.go:50.82,52.2 1 1
local.git/libs/bimawen.git/serializer.go:55.74,57.13 2 1
local.git/libs/bimawen.git/serializer.go:57.13,59.3 1 1
local.git/libs/bimawen.git/serializer.go:60.2,60.24 1 1
local.git/libs/bimawen.git/serializer.go:64.54,66.2 1 1
local.git/libs/bimawen.git/tls.go:38.36,45.2 1 1
local.git/libs/bimawen.git/tls.go:48.60,49.17 1 1
local.git/libs/bimawen.git/tls.go:49.17,51.3 1 1
local.git/libs/bimawen.git/tls.go:53.2,61.25 2 1
local.git/libs/bimawen.git/tls.go:61.25,63.17 2 0
local.git/libs/bimawen.git/tls.go:63.17,65.4 1 0
local.git/libs/bimawen.git/tls.go:67.3,68.45 2 0
local.git/libs/bimawen.git/tls.go:68.45,70.4 1 0
local.git/libs/bimawen.git/tls.go:71.3,71.33 1 0
local.git/libs/bimawen.git/tls.go:75.2,75.55 1 1
local.git/libs/bimawen.git/tls.go:75.55,77.17 2 0
local.git/libs/bimawen.git/tls.go:77.17,79.4 1 0
local.git/libs/bimawen.git/tls.go:80.3,80.57 1 0
local.git/libs/bimawen.git/tls.go:83.2,83.23 1 1
local.git/libs/bimawen.git/tls.go:87.67,91.80 2 1
local.git/libs/bimawen.git/tls.go:91.80,93.3 1 1
local.git/libs/bimawen.git/tls.go:95.2,95.98 1 1
local.git/libs/bimawen.git/tls.go:95.98,97.3 1 1
local.git/libs/bimawen.git/tls.go:99.2,99.46 1 1
local.git/libs/bimawen.git/tls.go:99.46,101.3 1 0
local.git/libs/bimawen.git/tls.go:103.2,103.54 1 1
local.git/libs/bimawen.git/tls.go:103.54,105.3 1 0
local.git/libs/bimawen.git/tls.go:107.2,107.52 1 1
local.git/libs/bimawen.git/tls.go:107.52,109.3 1 0
local.git/libs/bimawen.git/tls.go:111.2,111.54 1 1
local.git/libs/bimawen.git/tls.go:111.54,113.3 1 1
local.git/libs/bimawen.git/tls.go:115.2,115.15 1 1
local.git/libs/bimawen.git/types.go:189.40,197.2 1 1
local.git/libs/bimawen.git/types.go:200.48,207.2 1 1
local.git/libs/bimawen.git/types.go:210.48,217.2 1 1
